This file contains any messages produced by compilers while
running configure, to aid debugging if configure makes a mistake.

It was created by configure, which was
generated by GNU Autoconf 2.61.  Invocation command line was

  $ ./configure 

## --------- ##
## Platform. ##
## --------- ##

hostname = CSC2018
uname -m = x86_64
uname -r = 4.18.7-200.fc28.x86_64
uname -s = Linux
uname -v = #1 SMP Mon Sep 10 15:44:45 UTC 2018

/usr/bin/uname -p = x86_64
/bin/uname -X     = unknown

/bin/arch              = x86_64
/usr/bin/arch -k       = unknown
/usr/convex/getsysinfo = unknown
/usr/bin/hostinfo      = unknown
/bin/machine           = unknown
/usr/bin/oslevel       = unknown
/bin/universe          = unknown

PATH: /usr/local/bin
PATH: /usr/bin
PATH: /bin
PATH: /usr/local/sbin
PATH: /usr/sbin
PATH: /home/csc_bob/.local/bin
PATH: /home/csc_bob/bin


## ----------- ##
## Core tests. ##
## ----------- ##

configure:2032: checking for a BSD-compatible install
configure:2088: result: /usr/bin/install -c
configure:2099: checking whether build environment is sane
configure:2142: result: yes
configure:2170: checking for a thread-safe mkdir -p
configure:2209: result: /usr/bin/mkdir -p
configure:2222: checking for gawk
configure:2238: found /usr/bin/gawk
configure:2249: result: gawk
configure:2260: checking whether make sets $(MAKE)
configure:2281: result: yes
configure:2474: checking whether make sets $(MAKE)
configure:2495: result: yes
configure:2517: checking for a BSD-compatible install
configure:2573: result: /usr/bin/install -c
configure:2638: checking for gcc
configure:2654: found /usr/bin/gcc
configure:2665: result: gcc
configure:2903: checking for C compiler version
configure:2910: gcc --version >&5
gcc (GCC) 8.1.1 20180712 (Red Hat 8.1.1-5)
Copyright (C) 2018 Free Software Foundation, Inc.
This is free software; see the source for copying conditions.  There is NO
warranty; not even for MERCHANTABILITY or FITNESS FOR A PARTICULAR PURPOSE.

configure:2913: $? = 0
configure:2920: gcc -v >&5
Using built-in specs.
COLLECT_GCC=gcc
COLLECT_LTO_WRAPPER=/usr/libexec/gcc/x86_64-redhat-linux/8/lto-wrapper
OFFLOAD_TARGET_NAMES=nvptx-none
OFFLOAD_TARGET_DEFAULT=1
Target: x86_64-redhat-linux
Configured with: ../configure --enable-bootstrap --enable-languages=c,c++,fortran,objc,obj-c++,ada,go,lto --prefix=/usr --mandir=/usr/share/man --infodir=/usr/share/info --with-bugurl=http://bugzilla.redhat.com/bugzilla --enable-shared --enable-threads=posix --enable-checking=release --enable-multilib --with-system-zlib --enable-__cxa_atexit --disable-libunwind-exceptions --enable-gnu-unique-object --enable-linker-build-id --with-gcc-major-version-only --with-linker-hash-style=gnu --enable-plugin --enable-initfini-array --with-isl --enable-libmpx --enable-offload-targets=nvptx-none --without-cuda-driver --enable-gnu-indirect-function --enable-cet --with-tune=generic --with-arch_32=i686 --build=x86_64-redhat-linux
Thread model: posix
gcc version 8.1.1 20180712 (Red Hat 8.1.1-5) (GCC) 
configure:2923: $? = 0
configure:2930: gcc -V >&5
gcc: error: unrecognized command line option '-V'
gcc: fatal error: no input files
compilation terminated.
configure:2933: $? = 1
configure:2956: checking for C compiler default output file name
configure:2983: gcc    conftest.c  >&5
configure:2986: $? = 0
configure:3024: result: a.out
configure:3041: checking whether the C compiler works
configure:3051: ./a.out
configure:3054: $? = 0
configure:3071: result: yes
configure:3078: checking whether we are cross compiling
configure:3080: result: no
configure:3083: checking for suffix of executables
configure:3090: gcc -o conftest    conftest.c  >&5
configure:3093: $? = 0
configure:3117: result: 
configure:3123: checking for suffix of object files
configure:3149: gcc -c   conftest.c >&5
configure:3152: $? = 0
configure:3175: result: o
configure:3179: checking whether we are using the GNU C compiler
configure:3208: gcc -c   conftest.c >&5
configure:3214: $? = 0
configure:3231: result: yes
configure:3236: checking whether gcc accepts -g
configure:3266: gcc -c -g  conftest.c >&5
configure:3272: $? = 0
configure:3371: result: yes
configure:3388: checking for gcc option to accept ISO C89
configure:3462: gcc  -c -g -O2  conftest.c >&5
configure:3468: $? = 0
configure:3491: result: none needed
configure:3520: checking for style of include used by make
configure:3548: result: GNU
configure:3573: checking dependency style of gcc
configure:3664: result: gcc3
configure:3737: checking for g++
configure:3753: found /usr/bin/g++
configure:3764: result: g++
configure:3795: checking for C++ compiler version
configure:3802: g++ --version >&5
g++ (GCC) 8.1.1 20180712 (Red Hat 8.1.1-5)
Copyright (C) 2018 Free Software Foundation, Inc.
This is free software; see the source for copying conditions.  There is NO
warranty; not even for MERCHANTABILITY or FITNESS FOR A PARTICULAR PURPOSE.

configure:3805: $? = 0
configure:3812: g++ -v >&5
Using built-in specs.
COLLECT_GCC=g++
COLLECT_LTO_WRAPPER=/usr/libexec/gcc/x86_64-redhat-linux/8/lto-wrapper
OFFLOAD_TARGET_NAMES=nvptx-none
OFFLOAD_TARGET_DEFAULT=1
Target: x86_64-redhat-linux
Configured with: ../configure --enable-bootstrap --enable-languages=c,c++,fortran,objc,obj-c++,ada,go,lto --prefix=/usr --mandir=/usr/share/man --infodir=/usr/share/info --with-bugurl=http://bugzilla.redhat.com/bugzilla --enable-shared --enable-threads=posix --enable-checking=release --enable-multilib --with-system-zlib --enable-__cxa_atexit --disable-libunwind-exceptions --enable-gnu-unique-object --enable-linker-build-id --with-gcc-major-version-only --with-linker-hash-style=gnu --enable-plugin --enable-initfini-array --with-isl --enable-libmpx --enable-offload-targets=nvptx-none --without-cuda-driver --enable-gnu-indirect-function --enable-cet --with-tune=generic --with-arch_32=i686 --build=x86_64-redhat-linux
Thread model: posix
gcc version 8.1.1 20180712 (Red Hat 8.1.1-5) (GCC) 
configure:3815: $? = 0
configure:3822: g++ -V >&5
g++: error: unrecognized command line option '-V'
g++: fatal error: no input files
compilation terminated.
configure:3825: $? = 1
configure:3828: checking whether we are using the GNU C++ compiler
configure:3857: g++ -c   conftest.cpp >&5
configure:3863: $? = 0
configure:3880: result: yes
configure:3885: checking whether g++ accepts -g
configure:3915: g++ -c -g  conftest.cpp >&5
configure:3921: $? = 0
configure:4020: result: yes
configure:4045: checking dependency style of g++
configure:4136: result: gcc3
configure:4238: checking build system type
configure:4256: result: x86_64-unknown-linux-gnu
configure:4278: checking host system type
configure:4293: result: x86_64-unknown-linux-gnu
configure:4315: checking for a sed that does not truncate output
configure:4371: result: /usr/bin/sed
configure:4374: checking for grep that handles long lines and -e
configure:4448: result: /usr/bin/grep
configure:4453: checking for egrep
configure:4531: result: /usr/bin/grep -E
configure:4547: checking for ld used by gcc
configure:4614: result: /usr/bin/ld
configure:4623: checking if the linker (/usr/bin/ld) is GNU ld
configure:4638: result: yes
configure:4643: checking for /usr/bin/ld option to reload object files
configure:4650: result: -r
configure:4668: checking for BSD-compatible nm
configure:4717: result: /usr/bin/nm -B
configure:4721: checking whether ln -s works
configure:4725: result: yes
configure:4732: checking how to recognize dependent libraries
configure:4918: result: pass_all
configure:5008: g++ -c -g -O2  conftest.cpp >&5
configure:5011: $? = 0
configure:5454: checking how to run the C preprocessor
configure:5494: gcc -E  conftest.c
configure:5500: $? = 0
configure:5531: gcc -E  conftest.c
conftest.c:10:10: fatal error: ac_nonexistent.h: No such file or directory
 #include <ac_nonexistent.h>
          ^~~~~~~~~~~~~~~~~~
compilation terminated.
configure:5537: $? = 1
configure: failed program was:
| /* confdefs.h.  */
| #define PACKAGE_NAME ""
| #define PACKAGE_TARNAME ""
| #define PACKAGE_VERSION ""
| #define PACKAGE_STRING ""
| #define PACKAGE_BUGREPORT ""
| #define PACKAGE "cppunit"
| #define VERSION "1.12.1"
| /* end confdefs.h.  */
| #include <ac_nonexistent.h>
configure:5570: result: gcc -E
configure:5599: gcc -E  conftest.c
configure:5605: $? = 0
configure:5636: gcc -E  conftest.c
conftest.c:10:10: fatal error: ac_nonexistent.h: No such file or directory
 #include <ac_nonexistent.h>
          ^~~~~~~~~~~~~~~~~~
compilation terminated.
configure:5642: $? = 1
configure: failed program was:
| /* confdefs.h.  */
| #define PACKAGE_NAME ""
| #define PACKAGE_TARNAME ""
| #define PACKAGE_VERSION ""
| #define PACKAGE_STRING ""
| #define PACKAGE_BUGREPORT ""
| #define PACKAGE "cppunit"
| #define VERSION "1.12.1"
| /* end confdefs.h.  */
| #include <ac_nonexistent.h>
configure:5680: checking for ANSI C header files
configure:5710: gcc -c -g -O2  conftest.c >&5
configure:5716: $? = 0
configure:5815: gcc -o conftest -g -O2   conftest.c  >&5
configure:5818: $? = 0
configure:5824: ./conftest
configure:5827: $? = 0
configure:5844: result: yes
configure:5868: checking for sys/types.h
configure:5889: gcc -c -g -O2  conftest.c >&5
configure:5895: $? = 0
configure:5911: result: yes
configure:5868: checking for sys/stat.h
configure:5889: gcc -c -g -O2  conftest.c >&5
configure:5895: $? = 0
configure:5911: result: yes
configure:5868: checking for stdlib.h
configure:5889: gcc -c -g -O2  conftest.c >&5
configure:5895: $? = 0
configure:5911: result: yes
configure:5868: checking for string.h
configure:5889: gcc -c -g -O2  conftest.c >&5
configure:5895: $? = 0
configure:5911: result: yes
configure:5868: checking for memory.h
configure:5889: gcc -c -g -O2  conftest.c >&5
configure:5895: $? = 0
configure:5911: result: yes
configure:5868: checking for strings.h
configure:5889: gcc -c -g -O2  conftest.c >&5
configure:5895: $? = 0
configure:5911: result: yes
configure:5868: checking for inttypes.h
configure:5889: gcc -c -g -O2  conftest.c >&5
configure:5895: $? = 0
configure:5911: result: yes
configure:5868: checking for stdint.h
configure:5889: gcc -c -g -O2  conftest.c >&5
configure:5895: $? = 0
configure:5911: result: yes
configure:5868: checking for unistd.h
configure:5889: gcc -c -g -O2  conftest.c >&5
configure:5895: $? = 0
configure:5911: result: yes
configure:5938: checking dlfcn.h usability
configure:5955: gcc -c -g -O2  conftest.c >&5
configure:5961: $? = 0
configure:5975: result: yes
configure:5979: checking dlfcn.h presence
configure:5994: gcc -E  conftest.c
configure:6000: $? = 0
configure:6014: result: yes
configure:6042: checking for dlfcn.h
configure:6050: result: yes
configure:6073: checking how to run the C++ preprocessor
configure:6109: g++ -E  conftest.cpp
configure:6115: $? = 0
configure:6146: g++ -E  conftest.cpp
conftest.cpp:21:10: fatal error: ac_nonexistent.h: No such file or directory
 #include <ac_nonexistent.h>
          ^~~~~~~~~~~~~~~~~~
compilation terminated.
configure:6152: $? = 1
configure: failed program was:
| /* confdefs.h.  */
| #define PACKAGE_NAME ""
| #define PACKAGE_TARNAME ""
| #define PACKAGE_VERSION ""
| #define PACKAGE_STRING ""
| #define PACKAGE_BUGREPORT ""
| #define PACKAGE "cppunit"
| #define VERSION "1.12.1"
| #define STDC_HEADERS 1
| #define HAVE_SYS_TYPES_H 1
| #define HAVE_SYS_STAT_H 1
| #define HAVE_STDLIB_H 1
| #define HAVE_STRING_H 1
| #define HAVE_MEMORY_H 1
| #define HAVE_STRINGS_H 1
| #define HAVE_INTTYPES_H 1
| #define HAVE_STDINT_H 1
| #define HAVE_UNISTD_H 1
| #define HAVE_DLFCN_H 1
| /* end confdefs.h.  */
| #include <ac_nonexistent.h>
configure:6185: result: g++ -E
configure:6214: g++ -E  conftest.cpp
configure:6220: $? = 0
configure:6251: g++ -E  conftest.cpp
conftest.cpp:21:10: fatal error: ac_nonexistent.h: No such file or directory
 #include <ac_nonexistent.h>
          ^~~~~~~~~~~~~~~~~~
compilation terminated.
configure:6257: $? = 1
configure: failed program was:
| /* confdefs.h.  */
| #define PACKAGE_NAME ""
| #define PACKAGE_TARNAME ""
| #define PACKAGE_VERSION ""
| #define PACKAGE_STRING ""
| #define PACKAGE_BUGREPORT ""
| #define PACKAGE "cppunit"
| #define VERSION "1.12.1"
| #define STDC_HEADERS 1
| #define HAVE_SYS_TYPES_H 1
| #define HAVE_SYS_STAT_H 1
| #define HAVE_STDLIB_H 1
| #define HAVE_STRING_H 1
| #define HAVE_MEMORY_H 1
| #define HAVE_STRINGS_H 1
| #define HAVE_INTTYPES_H 1
| #define HAVE_STDINT_H 1
| #define HAVE_UNISTD_H 1
| #define HAVE_DLFCN_H 1
| /* end confdefs.h.  */
| #include <ac_nonexistent.h>
configure:6349: checking for g77
configure:6379: result: no
configure:6349: checking for xlf
configure:6379: result: no
configure:6349: checking for f77
configure:6379: result: no
configure:6349: checking for frt
configure:6379: result: no
configure:6349: checking for pgf77
configure:6379: result: no
configure:6349: checking for cf77
configure:6379: result: no
configure:6349: checking for fort77
configure:6379: result: no
configure:6349: checking for fl32
configure:6379: result: no
configure:6349: checking for af77
configure:6379: result: no
configure:6349: checking for xlf90
configure:6379: result: no
configure:6349: checking for f90
configure:6379: result: no
configure:6349: checking for pgf90
configure:6379: result: no
configure:6349: checking for pghpf
configure:6379: result: no
configure:6349: checking for epcf90
configure:6379: result: no
configure:6349: checking for gfortran
configure:6379: result: no
configure:6349: checking for g95
configure:6379: result: no
configure:6349: checking for xlf95
configure:6379: result: no
configure:6349: checking for f95
configure:6379: result: no
configure:6349: checking for fort
configure:6379: result: no
configure:6349: checking for ifort
configure:6379: result: no
configure:6349: checking for ifc
configure:6379: result: no
configure:6349: checking for efc
configure:6379: result: no
configure:6349: checking for pgf95
configure:6379: result: no
configure:6349: checking for lf95
configure:6379: result: no
configure:6349: checking for ftn
configure:6379: result: no
configure:6406: checking for Fortran 77 compiler version
configure:6413:  --version >&5
./configure: line 6414: --version: command not found
configure:6416: $? = 127
configure:6423:  -v >&5
./configure: line 6424: -v: command not found
configure:6426: $? = 127
configure:6433:  -V >&5
./configure: line 6434: -V: command not found
configure:6436: $? = 127
configure:6444: checking whether we are using the GNU Fortran 77 compiler
configure:6463:  -c  conftest.F >&5
./configure: line 6464: -c: command not found
configure:6469: $? = 127
configure: failed program was:
|       program main
| #ifndef __GNUC__
|        choke me
| #endif
| 
|       end
configure:6486: result: no
configure:6492: checking whether  accepts -g
configure:6509:  -c -g conftest.f >&5
./configure: line 6510: -c: command not found
configure:6515: $? = 127
configure: failed program was:
|       program main
| 
|       end
configure:6531: result: no
configure:6560: checking the maximum length of command line arguments
configure:6672: result: 1572864
configure:6684: checking command to parse /usr/bin/nm -B output from gcc object
configure:6789: g++ -c -g -O2  conftest.cpp >&5
configure:6792: $? = 0
configure:6796: /usr/bin/nm -B conftest.o \| sed -n -e 's/^.*[ 	]\([ABCDGIRSTW][ABCDGIRSTW]*\)[ 	][ 	]*\([_A-Za-z][_A-Za-z0-9]*\)$/\1 \2 \2/p' \> conftest.nm
configure:6799: $? = 0
configure:6851: g++ -o conftest -g -O2   conftest.cpp conftstm.o >&5
configure:6854: $? = 0
configure:6892: result: ok
configure:6896: checking for objdir
configure:6911: result: .libs
configure:7003: checking for ar
configure:7019: found /usr/bin/ar
configure:7030: result: ar
configure:7099: checking for ranlib
configure:7115: found /usr/bin/ranlib
configure:7126: result: ranlib
configure:7195: checking for strip
configure:7211: found /usr/bin/strip
configure:7222: result: strip
configure:7820: checking if gcc supports -fno-rtti -fno-exceptions
configure:7838: gcc -c -g -O2  -fno-rtti -fno-exceptions conftest.c >&5
cc1: warning: command line option '-fno-rtti' is valid for C++/ObjC++ but not for C
configure:7842: $? = 0
configure:7855: result: no
configure:7870: checking for gcc option to produce PIC
configure:8102: result: -fPIC
configure:8110: checking if gcc PIC flag -fPIC works
configure:8128: gcc -c -g -O2  -fPIC -DPIC conftest.c >&5
configure:8132: $? = 0
configure:8145: result: yes
configure:8173: checking if gcc static flag -static works
configure:8201: result: no
configure:8211: checking if gcc supports -c -o file.o
configure:8232: gcc -c -g -O2  -o out/conftest2.o conftest.c >&5
configure:8236: $? = 0
configure:8258: result: yes
configure:8284: checking whether the gcc linker (/usr/bin/ld -m elf_x86_64) supports shared libraries
configure:9265: result: yes
configure:9286: checking whether -lc should be explicitly linked in
configure:9291: gcc -c -g -O2  conftest.c >&5
configure:9294: $? = 0
configure:9309: gcc -shared conftest.o  -v -Wl,-soname -Wl,conftest -o conftest 2\>\&1 \| grep  -lc  \>/dev/null 2\>\&1
configure:9312: $? = 0
configure:9324: result: no
configure:9332: checking dynamic linker characteristics
configure:9946: result: GNU/Linux ld.so
configure:9970: checking how to hardcode library paths into programs
configure:9995: result: immediate
configure:10009: checking whether stripping libraries is possible
configure:10014: result: yes
configure:10816: checking if libtool supports shared libraries
configure:10818: result: yes
configure:10821: checking whether to build shared libraries
configure:10842: result: yes
configure:10845: checking whether to build static libraries
configure:10849: result: yes
configure:10943: creating libtool
configure:11536: checking for ld used by g++
configure:11603: result: /usr/bin/ld -m elf_x86_64
configure:11612: checking if the linker (/usr/bin/ld -m elf_x86_64) is GNU ld
configure:11627: result: yes
configure:11678: checking whether the g++ linker (/usr/bin/ld -m elf_x86_64) supports shared libraries
configure:12624: result: yes
configure:12641: g++ -c -g -O2  conftest.cpp >&5
configure:12644: $? = 0
configure:12800: checking for g++ option to produce PIC
configure:13084: result: -fPIC
configure:13092: checking if g++ PIC flag -fPIC works
configure:13110: g++ -c -g -O2  -fPIC -DPIC conftest.cpp >&5
configure:13114: $? = 0
configure:13127: result: yes
configure:13155: checking if g++ static flag -static works
configure:13183: result: no
configure:13193: checking if g++ supports -c -o file.o
configure:13214: g++ -c -g -O2  -o out/conftest2.o conftest.cpp >&5
configure:13218: $? = 0
configure:13240: result: yes
configure:13266: checking whether the g++ linker (/usr/bin/ld -m elf_x86_64) supports shared libraries
configure:13295: result: yes
configure:13362: checking dynamic linker characteristics
configure:13924: result: GNU/Linux ld.so
configure:13948: checking how to hardcode library paths into programs
configure:13973: result: immediate
configure:20225: checking for shl_load
configure:20281: g++ -o conftest -g -O2   conftest.cpp  >&5
/tmp/ccuwO1Ra.o: In function `main':
/home/csc_bob/exerciseD/conftest.cpp:55: undefined reference to `shl_load'
collect2: error: ld returned 1 exit status
configure:20287: $? = 1
configure: failed program was:
| /* confdefs.h.  */
| #define PACKAGE_NAME ""
| #define PACKAGE_TARNAME ""
| #define PACKAGE_VERSION ""
| #define PACKAGE_STRING ""
| #define PACKAGE_BUGREPORT ""
| #define PACKAGE "cppunit"
| #define VERSION "1.12.1"
| #define STDC_HEADERS 1
| #define HAVE_SYS_TYPES_H 1
| #define HAVE_SYS_STAT_H 1
| #define HAVE_STDLIB_H 1
| #define HAVE_STRING_H 1
| #define HAVE_MEMORY_H 1
| #define HAVE_STRINGS_H 1
| #define HAVE_INTTYPES_H 1
| #define HAVE_STDINT_H 1
| #define HAVE_UNISTD_H 1
| #define HAVE_DLFCN_H 1
| /* end confdefs.h.  */
| /* Define shl_load to an innocuous variant, in case <limits.h> declares shl_load.
|    For example, HP-UX 11i <limits.h> declares gettimeofday.  */
| #define shl_load innocuous_shl_load
| 
| /* System header to define __stub macros and hopefully few prototypes,
|     which can conflict with char shl_load (); below.
|     Prefer <limits.h> to <assert.h> if __STDC__ is defined, since
|     <limits.h> exists even on freestanding compilers.  */
| 
| #ifdef __STDC__
| # include <limits.h>
| #else
| # include <assert.h>
| #endif
| 
| #undef shl_load
| 
| /* Override any GCC internal prototype to avoid an error.
|    Use char because int might match the return type of a GCC
|    builtin and then its argument prototype would still apply.  */
| #ifdef __cplusplus
| extern "C"
| #endif
| char shl_load ();
| /* The GNU C library defines this for functions which it implements
|     to always fail with ENOSYS.  Some functions are actually named
|     something starting with __ and the normal name is an alias.  */
| #if defined __stub_shl_load || defined __stub___shl_load
| choke me
| #endif
| 
| int
| main ()
| {
| return shl_load ();
|   ;
|   return 0;
| }
configure:20304: result: no
configure:20313: checking for shl_load in -ldld
configure:20348: g++ -o conftest -g -O2   conftest.cpp -ldld   >&5
/usr/bin/ld: cannot find -ldld
collect2: error: ld returned 1 exit status
configure:20354: $? = 1
configure: failed program was:
| /* confdefs.h.  */
| #define PACKAGE_NAME ""
| #define PACKAGE_TARNAME ""
| #define PACKAGE_VERSION ""
| #define PACKAGE_STRING ""
| #define PACKAGE_BUGREPORT ""
| #define PACKAGE "cppunit"
| #define VERSION "1.12.1"
| #define STDC_HEADERS 1
| #define HAVE_SYS_TYPES_H 1
| #define HAVE_SYS_STAT_H 1
| #define HAVE_STDLIB_H 1
| #define HAVE_STRING_H 1
| #define HAVE_MEMORY_H 1
| #define HAVE_STRINGS_H 1
| #define HAVE_INTTYPES_H 1
| #define HAVE_STDINT_H 1
| #define HAVE_UNISTD_H 1
| #define HAVE_DLFCN_H 1
| /* end confdefs.h.  */
| 
| /* Override any GCC internal prototype to avoid an error.
|    Use char because int might match the return type of a GCC
|    builtin and then its argument prototype would still apply.  */
| #ifdef __cplusplus
| extern "C"
| #endif
| char shl_load ();
| int
| main ()
| {
| return shl_load ();
|   ;
|   return 0;
| }
configure:20372: result: no
configure:20382: checking for dlopen in -ldl
configure:20417: g++ -o conftest -g -O2   conftest.cpp -ldl   >&5
configure:20423: $? = 0
configure:20441: result: yes
configure:20661: checking for dlerror
configure:20717: g++ -o conftest -g -O2   conftest.cpp  -ldl >&5
configure:20723: $? = 0
configure:20741: result: yes
configure:20786: checking for doxygen
configure:20819: result: no
configure:20909: checking for cmath
configure:20930: g++ -c -g -O2  conftest.cpp >&5
configure:20936: $? = 0
configure:20952: result: yes
configure:20967: checking whether the compiler supports Run-Time Type Identification
configure:21012: g++ -c -g -O2  conftest.cpp >&5
configure:21018: $? = 0
configure:21040: result: yes
configure:21050: checking whether the compiler supports GCC C++ ABI name demangling
configure:21099: g++ -c -g -O2  conftest.cpp >&5
configure:21105: $? = 0
configure:21127: result: yes
configure:21137: checking whether the compiler implements namespaces
configure:21170: g++ -c -g -O2  conftest.cpp >&5
configure:21176: $? = 0
configure:21198: result: yes
configure:21208: checking whether std::string::compare takes a string in argument 1
configure:21246: g++ -c -g -O2  conftest.cpp >&5
conftest.cpp: In function 'int main()':
conftest.cpp:35:23: error: no matching function for call to 'std::__cxx11::basic_string<char>::compare(std::__cxx11::string&, int, int)'
 return x.compare(y,0,1) == 0;
                       ^
In file included from /usr/include/c++/8/string:52,
                 from conftest.cpp:27:
/usr/include/c++/8/bits/basic_string.h:2834:7: note: candidate: 'int std::__cxx11::basic_string<_CharT, _Traits, _Alloc>::compare(const std::__cxx11::basic_string<_CharT, _Traits, _Alloc>&) const [with _CharT = char; _Traits = std::char_traits<char>; _Alloc = std::allocator<char>]'
       compare(const basic_string& __str) const
       ^~~~~~~
/usr/include/c++/8/bits/basic_string.h:2834:7: note:   candidate expects 1 argument, 3 provided
/usr/include/c++/8/bits/basic_string.h:2927:7: note: candidate: 'int std::__cxx11::basic_string<_CharT, _Traits, _Alloc>::compare(std::__cxx11::basic_string<_CharT, _Traits, _Alloc>::size_type, std::__cxx11::basic_string<_CharT, _Traits, _Alloc>::size_type, const std::__cxx11::basic_string<_CharT, _Traits, _Alloc>&) const [with _CharT = char; _Traits = std::char_traits<char>; _Alloc = std::allocator<char>; std::__cxx11::basic_string<_CharT, _Traits, _Alloc>::size_type = long unsigned int]'
       compare(size_type __pos, size_type __n, const basic_string& __str) const;
       ^~~~~~~
/usr/include/c++/8/bits/basic_string.h:2927:7: note:   no known conversion for argument 1 from 'std::__cxx11::string' {aka 'std::__cxx11::basic_string<char>'} to 'std::__cxx11::basic_string<char>::size_type' {aka 'long unsigned int'}
/usr/include/c++/8/bits/basic_string.h:2953:7: note: candidate: 'int std::__cxx11::basic_string<_CharT, _Traits, _Alloc>::compare(std::__cxx11::basic_string<_CharT, _Traits, _Alloc>::size_type, std::__cxx11::basic_string<_CharT, _Traits, _Alloc>::size_type, const std::__cxx11::basic_string<_CharT, _Traits, _Alloc>&, std::__cxx11::basic_string<_CharT, _Traits, _Alloc>::size_type, std::__cxx11::basic_string<_CharT, _Traits, _Alloc>::size_type) const [with _CharT = char; _Traits = std::char_traits<char>; _Alloc = std::allocator<char>; std::__cxx11::basic_string<_CharT, _Traits, _Alloc>::size_type = long unsigned int]'
       compare(size_type __pos1, size_type __n1, const basic_string& __str,
       ^~~~~~~
/usr/include/c++/8/bits/basic_string.h:2953:7: note:   candidate expects 5 arguments, 3 provided
/usr/include/c++/8/bits/basic_string.h:2971:7: note: candidate: 'int std::__cxx11::basic_string<_CharT, _Traits, _Alloc>::compare(const _CharT*) const [with _CharT = char; _Traits = std::char_traits<char>; _Alloc = std::allocator<char>]'
       compare(const _CharT* __s) const _GLIBCXX_NOEXCEPT;
       ^~~~~~~
/usr/include/c++/8/bits/basic_string.h:2971:7: note:   candidate expects 1 argument, 3 provided
/usr/include/c++/8/bits/basic_string.h:2995:7: note: candidate: 'int std::__cxx11::basic_string<_CharT, _Traits, _Alloc>::compare(std::__cxx11::basic_string<_CharT, _Traits, _Alloc>::size_type, std::__cxx11::basic_string<_CharT, _Traits, _Alloc>::size_type, const _CharT*) const [with _CharT = char; _Traits = std::char_traits<char>; _Alloc = std::allocator<char>; std::__cxx11::basic_string<_CharT, _Traits, _Alloc>::size_type = long unsigned int]'
       compare(size_type __pos, size_type __n1, const _CharT* __s) const;
       ^~~~~~~
/usr/include/c++/8/bits/basic_string.h:2995:7: note:   no known conversion for argument 1 from 'std::__cxx11::string' {aka 'std::__cxx11::basic_string<char>'} to 'std::__cxx11::basic_string<char>::size_type' {aka 'long unsigned int'}
/usr/include/c++/8/bits/basic_string.h:3022:7: note: candidate: 'int std::__cxx11::basic_string<_CharT, _Traits, _Alloc>::compare(std::__cxx11::basic_string<_CharT, _Traits, _Alloc>::size_type, std::__cxx11::basic_string<_CharT, _Traits, _Alloc>::size_type, const _CharT*, std::__cxx11::basic_string<_CharT, _Traits, _Alloc>::size_type) const [with _CharT = char; _Traits = std::char_traits<char>; _Alloc = std::allocator<char>; std::__cxx11::basic_string<_CharT, _Traits, _Alloc>::size_type = long unsigned int]'
       compare(size_type __pos, size_type __n1, const _CharT* __s,
       ^~~~~~~
/usr/include/c++/8/bits/basic_string.h:3022:7: note:   candidate expects 4 arguments, 3 provided
configure:21252: $? = 1
configure: failed program was:
| /* confdefs.h.  */
| #define PACKAGE_NAME ""
| #define PACKAGE_TARNAME ""
| #define PACKAGE_VERSION ""
| #define PACKAGE_STRING ""
| #define PACKAGE_BUGREPORT ""
| #define PACKAGE "cppunit"
| #define VERSION "1.12.1"
| #define STDC_HEADERS 1
| #define HAVE_SYS_TYPES_H 1
| #define HAVE_SYS_STAT_H 1
| #define HAVE_STDLIB_H 1
| #define HAVE_STRING_H 1
| #define HAVE_MEMORY_H 1
| #define HAVE_STRINGS_H 1
| #define HAVE_INTTYPES_H 1
| #define HAVE_STDINT_H 1
| #define HAVE_UNISTD_H 1
| #define HAVE_DLFCN_H 1
| #define HAVE_LIBDL 1
| #define HAVE_DLERROR 1
| #define HAVE_CMATH 1
| #define HAVE_RTTI 1
| #define HAVE_GCC_ABI_DEMANGLE 1
| #define HAVE_NAMESPACES 1
| /* end confdefs.h.  */
| #include <string>
| #ifdef HAVE_NAMESPACES
| using namespace std;
| #endif
| int
| main ()
| {
| string x("hi"); string y("h");
| return x.compare(y,0,1) == 0;
|   ;
|   return 0;
| }
configure:21274: result: no
configure:21288: checking whether the compiler has stringstream
configure:21325: g++ -c -g -O2  conftest.cpp >&5
configure:21331: $? = 0
configure:21353: result: yes
configure:21364: checking whether the library defines class strstream
configure:21392: checking strstream usability
configure:21409: g++ -c -g -O2  conftest.cpp >&5
In file included from /usr/include/c++/8/backward/strstream:50,
                 from conftest.cpp:61:
/usr/include/c++/8/backward/backward_warning.h:32:2: warning: #warning This file includes at least one deprecated or antiquated header which may be removed without further notice at a future date. Please use a non-deprecated interface with equivalent functionality instead. For a listing of replacement headers and interfaces, consult the file backward_warning.h. To disable this warning use -Wno-deprecated. [-Wcpp]
 #warning \
  ^~~~~~~
configure:21415: $? = 0
configure:21429: result: yes
configure:21433: checking strstream presence
configure:21448: g++ -E  conftest.cpp
In file included from /usr/include/c++/8/backward/strstream:50,
                 from conftest.cpp:28:
/usr/include/c++/8/backward/backward_warning.h:32:2: warning: #warning This file includes at least one deprecated or antiquated header which may be removed without further notice at a future date. Please use a non-deprecated interface with equivalent functionality instead. For a listing of replacement headers and interfaces, consult the file backward_warning.h. To disable this warning use -Wno-deprecated. [-Wcpp]
 #warning \
  ^~~~~~~
configure:21454: $? = 0
configure:21468: result: yes
configure:21496: checking for strstream
configure:21504: result: yes
configure:21546: g++ -c -g -O2  conftest.cpp >&5
In file included from /usr/include/c++/8/backward/strstream:50,
                 from conftest.cpp:31:
/usr/include/c++/8/backward/backward_warning.h:32:2: warning: #warning This file includes at least one deprecated or antiquated header which may be removed without further notice at a future date. Please use a non-deprecated interface with equivalent functionality instead. For a listing of replacement headers and interfaces, consult the file backward_warning.h. To disable this warning use -Wno-deprecated. [-Wcpp]
 #warning \
  ^~~~~~~
configure:21552: $? = 0
configure:21574: result: yes
configure:21587: checking for isfinite
configure:21620: g++ -o conftest -g -O2   conftest.cpp  -lm >&5
configure:21626: $? = 0
configure:21649: result: yes
configure:21666: checking for finite
configure:21722: g++ -o conftest -g -O2   conftest.cpp  -lm >&5
conftest.cpp:54:6: warning: declaration of 'char finite()' conflicts with built-in declaration 'int finite(double)' [-Wbuiltin-declaration-mismatch]
 char finite ();
      ^~~~~~
configure:21728: $? = 0
configure:21746: result: yes
configure:21926: creating ./config.status

## ---------------------- ##
## Running config.status. ##
## ---------------------- ##

This file was extended by config.status, which was
generated by GNU Autoconf 2.61.  Invocation command line was

  CONFIG_FILES    = 
  CONFIG_HEADERS  = 
  CONFIG_LINKS    = 
  CONFIG_COMMANDS = 
  $ ./config.status 

on CSC2018

config.status:712: creating Makefile
config.status:712: creating cppunit.pc
config.status:712: creating cppunit.spec
config.status:712: creating cppunit-config
config.status:712: creating src/Makefile
config.status:712: creating src/DllPlugInTester/Makefile
config.status:712: creating src/cppunit/Makefile
config.status:712: creating include/Makefile
config.status:712: creating include/cppunit/Makefile
config.status:712: creating include/cppunit/config/Makefile
config.status:712: creating include/cppunit/extensions/Makefile
config.status:712: creating include/cppunit/plugin/Makefile
config.status:712: creating include/cppunit/portability/Makefile
config.status:712: creating include/cppunit/tools/Makefile
config.status:712: creating include/cppunit/ui/Makefile
config.status:712: creating include/cppunit/ui/mfc/Makefile
config.status:712: creating include/cppunit/ui/qt/Makefile
config.status:712: creating include/cppunit/ui/text/Makefile
config.status:712: creating doc/Makefile
config.status:712: creating doc/Doxyfile
config.status:712: creating examples/Makefile
config.status:712: creating examples/simple/Makefile
config.status:712: creating examples/hierarchy/Makefile
config.status:712: creating examples/cppunittest/Makefile
config.status:712: creating examples/ClockerPlugIn/Makefile
config.status:712: creating examples/DumperPlugIn/Makefile
config.status:712: creating examples/money/Makefile
config.status:712: creating config/config.h
config.status:951: config/config.h is unchanged
config.status:998: executing depfiles commands
config.status:998: executing default commands
configure:23273: result: creating include/cppunit/config-auto.h - prefix CPPUNIT for config/config.h defines

## ---------------- ##
## Cache variables. ##
## ---------------- ##

ac_cv_build=x86_64-unknown-linux-gnu
ac_cv_c_compiler_gnu=yes
ac_cv_cxx_compiler_gnu=yes
ac_cv_cxx_gcc_abi_demangle=yes
ac_cv_cxx_have_class_strstream=yes
ac_cv_cxx_have_sstream=yes
ac_cv_cxx_namespaces=yes
ac_cv_cxx_rtti=yes
ac_cv_cxx_string_compare_string_first=no
ac_cv_env_CCC_set=
ac_cv_env_CCC_value=
ac_cv_env_CC_set=
ac_cv_env_CC_value=
ac_cv_env_CFLAGS_set=
ac_cv_env_CFLAGS_value=
ac_cv_env_CPPFLAGS_set=
ac_cv_env_CPPFLAGS_value=
ac_cv_env_CPP_set=
ac_cv_env_CPP_value=
ac_cv_env_CXXCPP_set=
ac_cv_env_CXXCPP_value=
ac_cv_env_CXXFLAGS_set=
ac_cv_env_CXXFLAGS_value=
ac_cv_env_CXX_set=
ac_cv_env_CXX_value=
ac_cv_env_F77_set=
ac_cv_env_F77_value=
ac_cv_env_FFLAGS_set=
ac_cv_env_FFLAGS_value=
ac_cv_env_LDFLAGS_set=
ac_cv_env_LDFLAGS_value=
ac_cv_env_LIBS_set=
ac_cv_env_LIBS_value=
ac_cv_env_build_alias_set=
ac_cv_env_build_alias_value=
ac_cv_env_host_alias_set=
ac_cv_env_host_alias_value=
ac_cv_env_target_alias_set=
ac_cv_env_target_alias_value=
ac_cv_f77_compiler_gnu=no
ac_cv_func_dlerror=yes
ac_cv_func_finite=yes
ac_cv_func_shl_load=no
ac_cv_header_cmath=yes
ac_cv_header_dlfcn_h=yes
ac_cv_header_inttypes_h=yes
ac_cv_header_memory_h=yes
ac_cv_header_stdc=yes
ac_cv_header_stdint_h=yes
ac_cv_header_stdlib_h=yes
ac_cv_header_string_h=yes
ac_cv_header_strings_h=yes
ac_cv_header_strstream=yes
ac_cv_header_sys_stat_h=yes
ac_cv_header_sys_types_h=yes
ac_cv_header_unistd_h=yes
ac_cv_host=x86_64-unknown-linux-gnu
ac_cv_lib_dl_dlopen=yes
ac_cv_lib_dld_shl_load=no
ac_cv_objext=o
ac_cv_path_EGREP='/usr/bin/grep -E'
ac_cv_path_GREP=/usr/bin/grep
ac_cv_path_install='/usr/bin/install -c'
ac_cv_path_mkdir=/usr/bin/mkdir
ac_cv_prog_AWK=gawk
ac_cv_prog_CPP='gcc -E'
ac_cv_prog_CXXCPP='g++ -E'
ac_cv_prog_ac_ct_AR=ar
ac_cv_prog_ac_ct_CC=gcc
ac_cv_prog_ac_ct_CXX=g++
ac_cv_prog_ac_ct_RANLIB=ranlib
ac_cv_prog_ac_ct_STRIP=strip
ac_cv_prog_cc_c89=
ac_cv_prog_cc_g=yes
ac_cv_prog_cxx_g=yes
ac_cv_prog_f77_g=no
ac_cv_prog_make_make_set=yes
am_cv_CC_dependencies_compiler_type=gcc3
am_cv_CXX_dependencies_compiler_type=gcc3
ax_cv_cxx_have_isfinite=yes
lt_cv_deplibs_check_method=pass_all
lt_cv_file_magic_cmd='$MAGIC_CMD'
lt_cv_file_magic_test_file=
lt_cv_ld_reload_flag=-r
lt_cv_objdir=.libs
lt_cv_path_LD=/usr/bin/ld
lt_cv_path_LDCXX='/usr/bin/ld -m elf_x86_64'
lt_cv_path_NM='/usr/bin/nm -B'
lt_cv_path_SED=/usr/bin/sed
lt_cv_prog_compiler_c_o=yes
lt_cv_prog_compiler_c_o_CXX=yes
lt_cv_prog_compiler_pic_works=yes
lt_cv_prog_compiler_pic_works_CXX=yes
lt_cv_prog_compiler_rtti_exceptions=no
lt_cv_prog_compiler_static_works=no
lt_cv_prog_compiler_static_works_CXX=no
lt_cv_prog_gnu_ld=yes
lt_cv_prog_gnu_ldcxx=yes
lt_cv_sys_global_symbol_pipe='sed -n -e '\''s/^.*[ 	]\([ABCDGIRSTW][ABCDGIRSTW]*\)[ 	][ 	]*\([_A-Za-z][_A-Za-z0-9]*\)$/\1 \2 \2/p'\'''
lt_cv_sys_global_symbol_to_c_name_address='sed -n -e '\''s/^: \([^ ]*\) $/  {\"\1\", (lt_ptr) 0},/p'\'' -e '\''s/^[BCDEGRST] \([^ ]*\) \([^ ]*\)$/  {"\2", (lt_ptr) \&\2},/p'\'''
lt_cv_sys_global_symbol_to_cdecl='sed -n -e '\''s/^. .* \(.*\)$/extern int \1;/p'\'''
lt_cv_sys_lib_dlsearch_path_spec='/lib /usr/lib /usr/lib64//bind9-export/ /usr/lib64/root /usr/lib64/tcl8.6 '
lt_cv_sys_lib_search_path_spec='/usr/lib/gcc/x86_64-redhat-linux/8 /usr/lib64 /lib64'
lt_cv_sys_max_cmd_len=1572864
lt_lt_cv_prog_compiler_c_o='"yes"'
lt_lt_cv_prog_compiler_c_o_CXX='"yes"'
lt_lt_cv_sys_global_symbol_pipe='"sed -n -e '\''s/^.*[ 	]\\([ABCDGIRSTW][ABCDGIRSTW]*\\)[ 	][ 	]*\\([_A-Za-z][_A-Za-z0-9]*\\)\$/\\1 \\2 \\2/p'\''"'
lt_lt_cv_sys_global_symbol_to_c_name_address='"sed -n -e '\''s/^: \\([^ ]*\\) \$/  {\\\"\\1\\\", (lt_ptr) 0},/p'\'' -e '\''s/^[BCDEGRST] \\([^ ]*\\) \\([^ ]*\\)\$/  {\"\\2\", (lt_ptr) \\&\\2},/p'\''"'
lt_lt_cv_sys_global_symbol_to_cdecl='"sed -n -e '\''s/^. .* \\(.*\\)\$/extern int \\1;/p'\''"'

## ----------------- ##
## Output variables. ##
## ----------------- ##

ACLOCAL='${SHELL} /home/csc_bob/exerciseD/config/missing --run aclocal-1.10'
AMDEPBACKSLASH='\'
AMDEP_FALSE='#'
AMDEP_TRUE=''
AMTAR='${SHELL} /home/csc_bob/exerciseD/config/missing --run tar'
AR='ar'
AS='as'
AUTOCONF='${SHELL} /home/csc_bob/exerciseD/config/missing --run autoconf'
AUTOHEADER='${SHELL} /home/csc_bob/exerciseD/config/missing --run autoheader'
AUTOMAKE='${SHELL} /home/csc_bob/exerciseD/config/missing --run automake-1.10'
AWK='gawk'
CC='gcc'
CCDEPMODE='depmode=gcc3'
CFLAGS='-g -O2'
CPP='gcc -E'
CPPFLAGS=''
CPPUNIT_BINARY_AGE='0'
CPPUNIT_INTERFACE_AGE='0'
CPPUNIT_MAJOR_VERSION='1'
CPPUNIT_MICRO_VERSION='1'
CPPUNIT_MINOR_VERSION='12'
CPPUNIT_VERSION='1.12.1'
CXX='g++'
CXXCPP='g++ -E'
CXXDEPMODE='depmode=gcc3'
CXXFLAGS='-g -O2'
CYGPATH_W='echo'
DEFS='-DHAVE_CONFIG_H'
DEPDIR='.deps'
DLLTOOL='dlltool'
DOC_FALSE=''
DOC_TRUE='#'
DOT=''
DOXYGEN=''
DSYMUTIL=''
ECHO='echo'
ECHO_C=''
ECHO_N='-n'
ECHO_T=''
EGREP='/usr/bin/grep -E'
EXEEXT=''
F77=''
FFLAGS=''
GREP='/usr/bin/grep'
INSTALL_DATA='${INSTALL} -m 644'
INSTALL_PROGRAM='${INSTALL}'
INSTALL_SCRIPT='${INSTALL}'
INSTALL_STRIP_PROGRAM='$(install_sh) -c -s'
LDFLAGS=''
LIBADD_DL='-ldl'
LIBOBJS=''
LIBS=' -lm'
LIBTOOL='$(SHELL) $(top_builddir)/libtool'
LN_S='ln -s'
LTLIBOBJS=''
LT_AGE='0'
LT_CURRENT='1'
LT_RELEASE='1.12'
LT_REVISION='0'
MAKEINFO='${SHELL} /home/csc_bob/exerciseD/config/missing --run makeinfo'
NMEDIT=''
OBJDUMP='objdump'
OBJEXT='o'
PACKAGE='cppunit'
PACKAGE_BUGREPORT=''
PACKAGE_NAME=''
PACKAGE_STRING=''
PACKAGE_TARNAME=''
PACKAGE_VERSION=''
PATH_SEPARATOR=':'
RANLIB='ranlib'
SED='/usr/bin/sed'
SET_MAKE=''
SHELL='/bin/sh'
STRIP='strip'
VERSION='1.12.1'
ac_ct_CC='gcc'
ac_ct_CXX='g++'
ac_ct_F77=''
am__fastdepCC_FALSE='#'
am__fastdepCC_TRUE=''
am__fastdepCXX_FALSE='#'
am__fastdepCXX_TRUE=''
am__include='include'
am__isrc=''
am__leading_dot='.'
am__quote=''
am__tar='${AMTAR} chof - "$$tardir"'
am__untar='${AMTAR} xf -'
bindir='${exec_prefix}/bin'
build='x86_64-unknown-linux-gnu'
build_alias=''
build_cpu='x86_64'
build_os='linux-gnu'
build_vendor='unknown'
datadir='${datarootdir}'
datarootdir='${prefix}/share'
docdir='${datarootdir}/doc/${PACKAGE}'
dvidir='${docdir}'
enable_dot='no'
enable_html_docs='yes'
enable_latex_docs='no'
exec_prefix='${prefix}'
host='x86_64-unknown-linux-gnu'
host_alias=''
host_cpu='x86_64'
host_os='linux-gnu'
host_vendor='unknown'
htmldir='${docdir}'
includedir='${prefix}/include'
infodir='${datarootdir}/info'
install_sh='$(SHELL) /home/csc_bob/exerciseD/config/install-sh'
libdir='${exec_prefix}/lib'
libexecdir='${exec_prefix}/libexec'
localedir='${datarootdir}/locale'
localstatedir='${prefix}/var'
mandir='${datarootdir}/man'
mkdir_p='/usr/bin/mkdir -p'
oldincludedir='/usr/include'
pdfdir='${docdir}'
prefix='/usr/local'
program_transform_name='s,x,x,'
psdir='${docdir}'
sbindir='${exec_prefix}/sbin'
sharedstatedir='${prefix}/com'
sysconfdir='${prefix}/etc'
target_alias=''

## ----------- ##
## confdefs.h. ##
## ----------- ##

#define PACKAGE_NAME ""
#define PACKAGE_TARNAME ""
#define PACKAGE_VERSION ""
#define PACKAGE_STRING ""
#define PACKAGE_BUGREPORT ""
#define PACKAGE "cppunit"
#define VERSION "1.12.1"
#define STDC_HEADERS 1
#define HAVE_SYS_TYPES_H 1
#define HAVE_SYS_STAT_H 1
#define HAVE_STDLIB_H 1
#define HAVE_STRING_H 1
#define HAVE_MEMORY_H 1
#define HAVE_STRINGS_H 1
#define HAVE_INTTYPES_H 1
#define HAVE_STDINT_H 1
#define HAVE_UNISTD_H 1
#define HAVE_DLFCN_H 1
#define HAVE_LIBDL 1
#define HAVE_DLERROR 1
#define HAVE_CMATH 1
#define HAVE_RTTI 1
#define HAVE_GCC_ABI_DEMANGLE 1
#define HAVE_NAMESPACES 1
#define HAVE_SSTREAM 1
#define HAVE_STRSTREAM 1
#define HAVE_CLASS_STRSTREAM 1
#define HAVE_ISFINITE 1
#define HAVE_FINITE 1
#define USE_TYPEINFO_NAME CPPUNIT_HAVE_RTTI

configure: exit 0
